# JRE version: OpenJDK Runtime Environment (11.0.10) (build 11.0.10+0-b96-7249189)
# Java VM: OpenJDK 64-Bit Server VM (11.0.10+0-b96-7249189, mixed mode, tiered, compressed oops, g1 gc, windows-amd64)
Heap:
 garbage-first heap   total 419840K, used 166767K [0x0000000080000000, 0x0000000100000000)
  region size 1024K, 46 young (47104K), 0 survivors (0K)
 Metaspace       used 162693K, capacity 167978K, committed 168192K, reserved 1196032K
  class space    used 20284K, capacity 22169K, committed 22272K, reserved 1048576K
GC Heap History (20 events):
Event: 1584.471 GC heap before
{Heap before GC invocations=63 (full 0):
 garbage-first heap   total 559104K, used 368523K [0x0000000080000000, 0x0000000100000000)
  region size 1024K, 117 young (119808K), 1 survivors (1024K)
 Metaspace       used 146471K, capacity 150949K, committed 151040K, reserved 1179648K
  class space    used 18279K, capacity 19894K, committed 19968K, reserved 1048576K
}
Event: 1584.474 GC heap after
{Heap after GC invocations=64 (full 0):
 garbage-first heap   total 559104K, used 250482K [0x0000000080000000, 0x0000000100000000)
  region size 1024K, 2 young (2048K), 2 survivors (2048K)
 Metaspace       used 146471K, capacity 150949K, committed 151040K, reserved 1179648K
  class space    used 18279K, capacity 19894K, committed 19968K, reserved 1048576K
}
Event: 1584.540 GC heap before
{Heap before GC invocations=64 (full 0):
 garbage-first heap   total 559104K, used 276082K [0x0000000080000000, 0x0000000100000000)
  region size 1024K, 27 young (27648K), 2 survivors (2048K)
 Metaspace       used 146471K, capacity 150949K, committed 151040K, reserved 1179648K
  class space    used 18279K, capacity 19894K, committed 19968K, reserved 1048576K
}
Event: 1584.547 GC heap after
{Heap after GC invocations=65 (full 0):
 garbage-first heap   total 559104K, used 232075K [0x0000000080000000, 0x0000000100000000)
  region size 1024K, 2 young (2048K), 2 survivors (2048K)
 Metaspace       used 146471K, capacity 150949K, committed 151040K, reserved 1179648K
  class space    used 18279K, capacity 19894K, committed 19968K, reserved 1048576K
}
Event: 1585.086 GC heap before
{Heap before GC invocations=65 (full 0):
 garbage-first heap   total 559104K, used 283275K [0x0000000080000000, 0x0000000100000000)
  region size 1024K, 54 young (55296K), 2 survivors (2048K)
 Metaspace       used 152596K, capacity 157109K, committed 157184K, reserved 1185792K
  class space    used 19076K, capacity 20713K, committed 20736K, reserved 1048576K
}
Event: 1585.092 GC heap after
{Heap after GC invocations=66 (full 0):
 garbage-first heap   total 559104K, used 230648K [0x0000000080000000, 0x0000000100000000)
  region size 1024K, 3 young (3072K), 3 survivors (3072K)
 Metaspace       used 152596K, capacity 157109K, committed 157184K, reserved 1185792K
  class space    used 19076K, capacity 20713K, committed 20736K, reserved 1048576K
}
Event: 1586.044 GC heap before
{Heap before GC invocations=67 (full 0):
 garbage-first heap   total 559104K, used 312568K [0x0000000080000000, 0x0000000100000000)
  region size 1024K, 83 young (84992K), 3 survivors (3072K)
 Metaspace       used 155083K, capacity 159703K, committed 159872K, reserved 1187840K
  class space    used 19374K, capacity 21021K, committed 21120K, reserved 1048576K
}
Event: 1586.050 GC heap after
{Heap after GC invocations=68 (full 0):
 garbage-first heap   total 559104K, used 237583K [0x0000000080000000, 0x0000000100000000)
  region size 1024K, 8 young (8192K), 8 survivors (8192K)
 Metaspace       used 155083K, capacity 159703K, committed 159872K, reserved 1187840K
  class space    used 19374K, capacity 21021K, committed 21120K, reserved 1048576K
}
Event: 1586.506 GC heap before
{Heap before GC invocations=69 (full 0):
 garbage-first heap   total 559104K, used 401423K [0x0000000080000000, 0x0000000100000000)
  region size 1024K, 165 young (168960K), 8 survivors (8192K)
 Metaspace       used 160147K, capacity 165182K, committed 165376K, reserved 1191936K
  class space    used 20057K, capacity 21895K, committed 22016K, reserved 1048576K
}
Event: 1586.518 GC heap after
{Heap after GC invocations=70 (full 0):
 garbage-first heap   total 559104K, used 251869K [0x0000000080000000, 0x0000000100000000)
  region size 1024K, 21 young (21504K), 21 survivors (21504K)
 Metaspace       used 160147K, capacity 165182K, committed 165376K, reserved 1191936K
  class space    used 20057K, capacity 21895K, committed 22016K, reserved 1048576K
}
Event: 1586.529 GC heap before
{Heap before GC invocations=70 (full 0):
 garbage-first heap   total 559104K, used 258013K [0x0000000080000000, 0x0000000100000000)
  region size 1024K, 28 young (28672K), 21 survivors (21504K)
 Metaspace       used 160159K, capacity 165183K, committed 165376K, reserved 1191936K
  class space    used 20057K, capacity 21895K, committed 22016K, reserved 1048576K
}
Event: 1586.538 GC heap after
{Heap after GC invocations=71 (full 0):
 garbage-first heap   total 559104K, used 254843K [0x0000000080000000, 0x0000000100000000)
  region size 1024K, 4 young (4096K), 4 survivors (4096K)
 Metaspace       used 160159K, capacity 165183K, committed 165376K, reserved 1191936K
  class space    used 20057K, capacity 21895K, committed 22016K, reserved 1048576K
}
Event: 1586.579 GC heap before
{Heap before GC invocations=71 (full 0):
 garbage-first heap   total 559104K, used 270203K [0x0000000080000000, 0x0000000100000000)
  region size 1024K, 20 young (20480K), 4 survivors (4096K)
 Metaspace       used 160383K, capacity 165406K, committed 165632K, reserved 1193984K
  class space    used 20095K, capacity 21947K, committed 22016K, reserved 1048576K
}
Event: 1586.583 GC heap after
{Heap after GC invocations=72 (full 0):
 garbage-first heap   total 559104K, used 254128K [0x0000000080000000, 0x0000000100000000)
  region size 1024K, 4 young (4096K), 4 survivors (4096K)
 Metaspace       used 160383K, capacity 165406K, committed 165632K, reserved 1193984K
  class space    used 20095K, capacity 21947K, committed 22016K, reserved 1048576K
}
Event: 1617.928 GC heap before
{Heap before GC invocations=73 (full 0):
 garbage-first heap   total 559104K, used 432304K [0x0000000080000000, 0x0000000100000000)
  region size 1024K, 177 young (181248K), 4 survivors (4096K)
 Metaspace       used 161741K, capacity 166763K, committed 167040K, reserved 1193984K
  class space    used 20169K, capacity 22020K, committed 22144K, reserved 1048576K
}
Event: 1617.938 GC heap after
{Heap after GC invocations=74 (full 0):
 garbage-first heap   total 559104K, used 227839K [0x0000000080000000, 0x0000000100000000)
  region size 1024K, 10 young (10240K), 10 survivors (10240K)
 Metaspace       used 161741K, capacity 166763K, committed 167040K, reserved 1193984K
  class space    used 20169K, capacity 22020K, committed 22144K, reserved 1048576K
}
Event: 2004.805 GC heap before
{Heap before GC invocations=74 (full 0):
 garbage-first heap   total 559104K, used 244223K [0x0000000080000000, 0x0000000100000000)
  region size 1024K, 27 young (27648K), 10 survivors (10240K)
 Metaspace       used 161973K, capacity 167105K, committed 167296K, reserved 1193984K
  class space    used 20214K, capacity 22094K, committed 22144K, reserved 1048576K
}
Event: 2004.809 GC heap after
{Heap after GC invocations=75 (full 0):
 garbage-first heap   total 559104K, used 188046K [0x0000000080000000, 0x0000000100000000)
  region size 1024K, 2 young (2048K), 2 survivors (2048K)
 Metaspace       used 161973K, capacity 167105K, committed 167296K, reserved 1193984K
  class space    used 20214K, capacity 22094K, committed 22144K, reserved 1048576K
}
Event: 5604.814 GC heap before
{Heap before GC invocations=75 (full 0):
 garbage-first heap   total 559104K, used 254606K [0x0000000080000000, 0x0000000100000000)
  region size 1024K, 68 young (69632K), 2 survivors (2048K)
 Metaspace       used 162016K, capacity 167169K, committed 167296K, reserved 1193984K
  class space    used 20214K, capacity 22094K, committed 22144K, reserved 1048576K
}
Event: 5605.132 GC heap after
{Heap after GC invocations=76 (full 1):
 garbage-first heap   total 419840K, used 120687K [0x0000000080000000, 0x0000000100000000)
  region size 1024K, 0 young (0K), 0 survivors (0K)
 Metaspace       used 161906K, capacity 166995K, committed 167296K, reserved 1193984K
  class space    used 20188K, capacity 22043K, committed 22144K, reserved 1048576K
}

